{"/mnt/c/Users/trist/Documents/Springboard_Exercises/express-biztime/app.js": {"path":"/mnt/c/Users/trist/Documents/Springboard_Exercises/express-biztime/app.js","statementMap":{"0":{"start":{"line":3,"column":16},"end":{"line":3,"column":34}},"1":{"start":{"line":5,"column":12},"end":{"line":5,"column":21}},"2":{"start":{"line":7,"column":22},"end":{"line":7,"column":51}},"3":{"start":{"line":8,"column":22},"end":{"line":8,"column":50}},"4":{"start":{"line":9,"column":23},"end":{"line":9,"column":53}},"5":{"start":{"line":10,"column":21},"end":{"line":10,"column":46}},"6":{"start":{"line":12,"column":0},"end":{"line":12,"column":24}},"7":{"start":{"line":13,"column":0},"end":{"line":13,"column":37}},"8":{"start":{"line":14,"column":0},"end":{"line":14,"column":36}},"9":{"start":{"line":15,"column":0},"end":{"line":15,"column":39}},"10":{"start":{"line":19,"column":0},"end":{"line":26,"column":3}},"11":{"start":{"line":20,"column":1},"end":{"line":20,"column":31}},"12":{"start":{"line":22,"column":1},"end":{"line":25,"column":4}},"13":{"start":{"line":30,"column":0},"end":{"line":34,"column":3}},"14":{"start":{"line":33,"column":1},"end":{"line":33,"column":28}},"15":{"start":{"line":35,"column":0},"end":{"line":35,"column":21}}},"fnMap":{"0":{"name":"(anonymous_0)","decl":{"start":{"line":19,"column":8},"end":{"line":19,"column":9}},"loc":{"start":{"line":19,"column":33},"end":{"line":26,"column":1}},"line":19},"1":{"name":"(anonymous_1)","decl":{"start":{"line":30,"column":8},"end":{"line":30,"column":9}},"loc":{"start":{"line":30,"column":34},"end":{"line":34,"column":1}},"line":30}},"branchMap":{"0":{"loc":{"start":{"line":20,"column":12},"end":{"line":20,"column":29}},"type":"binary-expr","locations":[{"start":{"line":20,"column":12},"end":{"line":20,"column":22}},{"start":{"line":20,"column":26},"end":{"line":20,"column":29}}],"line":20}},"s":{"0":1,"1":1,"2":1,"3":1,"4":1,"5":1,"6":1,"7":1,"8":1,"9":1,"10":1,"11":0,"12":0,"13":1,"14":0,"15":1},"f":{"0":0,"1":0},"b":{"0":[0,0]},"_coverageSchema":"1a1c01bbd47fc00a2c39e90264f33305004495a9","hash":"7899185b06103bf884e81aafe53f533830e49e24"}
,"/mnt/c/Users/trist/Documents/Springboard_Exercises/express-biztime/db.js": {"path":"/mnt/c/Users/trist/Documents/Springboard_Exercises/express-biztime/db.js","statementMap":{"0":{"start":{"line":2,"column":0},"end":{"line":2,"column":27}},"1":{"start":{"line":3,"column":19},"end":{"line":3,"column":32}},"2":{"start":{"line":7,"column":0},"end":{"line":11,"column":1}},"3":{"start":{"line":8,"column":1},"end":{"line":8,"column":134}},"4":{"start":{"line":10,"column":1},"end":{"line":10,"column":129}},"5":{"start":{"line":13,"column":11},"end":{"line":15,"column":2}},"6":{"start":{"line":17,"column":0},"end":{"line":17,"column":13}},"7":{"start":{"line":19,"column":0},"end":{"line":19,"column":20}}},"fnMap":{},"branchMap":{"0":{"loc":{"start":{"line":7,"column":0},"end":{"line":11,"column":1}},"type":"if","locations":[{"start":{"line":7,"column":0},"end":{"line":11,"column":1}},{"start":{"line":7,"column":0},"end":{"line":11,"column":1}}],"line":7}},"s":{"0":1,"1":1,"2":1,"3":0,"4":1,"5":1,"6":1,"7":1},"f":{},"b":{"0":[0,1]},"_coverageSchema":"1a1c01bbd47fc00a2c39e90264f33305004495a9","hash":"a939c122b399f3e090426daed83c895e70c772de"}
,"/mnt/c/Users/trist/Documents/Springboard_Exercises/express-biztime/expressError.js": {"path":"/mnt/c/Users/trist/Documents/Springboard_Exercises/express-biztime/expressError.js","statementMap":{"0":{"start":{"line":9,"column":4},"end":{"line":9,"column":12}},"1":{"start":{"line":10,"column":4},"end":{"line":10,"column":27}},"2":{"start":{"line":11,"column":4},"end":{"line":11,"column":25}},"3":{"start":{"line":12,"column":4},"end":{"line":12,"column":30}},"4":{"start":{"line":17,"column":0},"end":{"line":17,"column":30}}},"fnMap":{"0":{"name":"(anonymous_0)","decl":{"start":{"line":8,"column":2},"end":{"line":8,"column":3}},"loc":{"start":{"line":8,"column":31},"end":{"line":13,"column":3}},"line":8}},"branchMap":{},"s":{"0":0,"1":0,"2":0,"3":0,"4":1},"f":{"0":0},"b":{},"_coverageSchema":"1a1c01bbd47fc00a2c39e90264f33305004495a9","hash":"352ea13fad8750cb07a2f21bef36ebd03122ebda"}
,"/mnt/c/Users/trist/Documents/Springboard_Exercises/express-biztime/routes/companies.js": {"path":"/mnt/c/Users/trist/Documents/Springboard_Exercises/express-biztime/routes/companies.js","statementMap":{"0":{"start":{"line":1,"column":16},"end":{"line":1,"column":34}},"1":{"start":{"line":2,"column":15},"end":{"line":2,"column":35}},"2":{"start":{"line":3,"column":11},"end":{"line":3,"column":27}},"3":{"start":{"line":4,"column":16},"end":{"line":4,"column":34}},"4":{"start":{"line":6,"column":0},"end":{"line":12,"column":3}},"5":{"start":{"line":7,"column":17},"end":{"line":9,"column":2}},"6":{"start":{"line":11,"column":1},"end":{"line":11,"column":46}},"7":{"start":{"line":14,"column":0},"end":{"line":24,"column":3}},"8":{"start":{"line":15,"column":1},"end":{"line":23,"column":2}},"9":{"start":{"line":16,"column":15},"end":{"line":16,"column":30}},"10":{"start":{"line":18,"column":18},"end":{"line":18,"column":105}},"11":{"start":{"line":20,"column":2},"end":{"line":20,"column":48}},"12":{"start":{"line":22,"column":2},"end":{"line":22,"column":19}},"13":{"start":{"line":26,"column":0},"end":{"line":43,"column":3}},"14":{"start":{"line":27,"column":1},"end":{"line":42,"column":2}},"15":{"start":{"line":28,"column":32},"end":{"line":28,"column":40}},"16":{"start":{"line":30,"column":15},"end":{"line":30,"column":63}},"17":{"start":{"line":31,"column":18},"end":{"line":38,"column":3}},"18":{"start":{"line":39,"column":2},"end":{"line":39,"column":48}},"19":{"start":{"line":41,"column":2},"end":{"line":41,"column":19}},"20":{"start":{"line":45,"column":0},"end":{"line":59,"column":3}},"21":{"start":{"line":46,"column":1},"end":{"line":58,"column":2}},"22":{"start":{"line":47,"column":15},"end":{"line":47,"column":30}},"23":{"start":{"line":48,"column":32},"end":{"line":48,"column":40}},"24":{"start":{"line":49,"column":18},"end":{"line":54,"column":3}},"25":{"start":{"line":55,"column":2},"end":{"line":55,"column":48}},"26":{"start":{"line":57,"column":2},"end":{"line":57,"column":19}},"27":{"start":{"line":61,"column":0},"end":{"line":73,"column":3}},"28":{"start":{"line":62,"column":1},"end":{"line":72,"column":2}},"29":{"start":{"line":63,"column":15},"end":{"line":63,"column":30}},"30":{"start":{"line":64,"column":17},"end":{"line":64,"column":95}},"31":{"start":{"line":65,"column":2},"end":{"line":69,"column":3}},"32":{"start":{"line":66,"column":3},"end":{"line":66,"column":30}},"33":{"start":{"line":68,"column":3},"end":{"line":68,"column":42}},"34":{"start":{"line":71,"column":2},"end":{"line":71,"column":19}},"35":{"start":{"line":75,"column":0},"end":{"line":75,"column":24}}},"fnMap":{"0":{"name":"(anonymous_0)","decl":{"start":{"line":6,"column":16},"end":{"line":6,"column":17}},"loc":{"start":{"line":6,"column":42},"end":{"line":12,"column":1}},"line":6},"1":{"name":"(anonymous_1)","decl":{"start":{"line":14,"column":21},"end":{"line":14,"column":22}},"loc":{"start":{"line":14,"column":47},"end":{"line":24,"column":1}},"line":14},"2":{"name":"(anonymous_2)","decl":{"start":{"line":26,"column":17},"end":{"line":26,"column":18}},"loc":{"start":{"line":26,"column":43},"end":{"line":43,"column":1}},"line":26},"3":{"name":"(anonymous_3)","decl":{"start":{"line":45,"column":21},"end":{"line":45,"column":22}},"loc":{"start":{"line":45,"column":47},"end":{"line":59,"column":1}},"line":45},"4":{"name":"(anonymous_4)","decl":{"start":{"line":61,"column":24},"end":{"line":61,"column":25}},"loc":{"start":{"line":61,"column":50},"end":{"line":73,"column":1}},"line":61}},"branchMap":{"0":{"loc":{"start":{"line":65,"column":2},"end":{"line":69,"column":3}},"type":"if","locations":[{"start":{"line":65,"column":2},"end":{"line":69,"column":3}},{"start":{"line":65,"column":2},"end":{"line":69,"column":3}}],"line":65}},"s":{"0":1,"1":1,"2":1,"3":1,"4":1,"5":1,"6":1,"7":1,"8":1,"9":1,"10":1,"11":1,"12":0,"13":1,"14":1,"15":1,"16":1,"17":1,"18":1,"19":0,"20":1,"21":1,"22":1,"23":1,"24":1,"25":1,"26":0,"27":1,"28":1,"29":1,"30":1,"31":1,"32":0,"33":1,"34":0,"35":1},"f":{"0":1,"1":1,"2":1,"3":1,"4":1},"b":{"0":[0,1]},"_coverageSchema":"1a1c01bbd47fc00a2c39e90264f33305004495a9","hash":"601f4a51309aacf3c12edb77d0664bc03d48fe41"}
,"/mnt/c/Users/trist/Documents/Springboard_Exercises/express-biztime/routes/industries.js": {"path":"/mnt/c/Users/trist/Documents/Springboard_Exercises/express-biztime/routes/industries.js","statementMap":{"0":{"start":{"line":1,"column":16},"end":{"line":1,"column":34}},"1":{"start":{"line":2,"column":15},"end":{"line":2,"column":35}},"2":{"start":{"line":3,"column":11},"end":{"line":3,"column":27}},"3":{"start":{"line":4,"column":16},"end":{"line":4,"column":34}},"4":{"start":{"line":6,"column":0},"end":{"line":15,"column":3}},"5":{"start":{"line":7,"column":1},"end":{"line":14,"column":2}},"6":{"start":{"line":8,"column":18},"end":{"line":10,"column":10}},"7":{"start":{"line":11,"column":2},"end":{"line":11,"column":34}},"8":{"start":{"line":13,"column":2},"end":{"line":13,"column":19}},"9":{"start":{"line":17,"column":0},"end":{"line":31,"column":3}},"10":{"start":{"line":18,"column":1},"end":{"line":30,"column":2}},"11":{"start":{"line":19,"column":23},"end":{"line":19,"column":31}},"12":{"start":{"line":20,"column":15},"end":{"line":20,"column":67}},"13":{"start":{"line":22,"column":18},"end":{"line":26,"column":3}},"14":{"start":{"line":27,"column":2},"end":{"line":27,"column":35}},"15":{"start":{"line":29,"column":2},"end":{"line":29,"column":19}},"16":{"start":{"line":33,"column":0},"end":{"line":41,"column":3}},"17":{"start":{"line":34,"column":1},"end":{"line":40,"column":2}},"18":{"start":{"line":35,"column":13},"end":{"line":35,"column":26}},"19":{"start":{"line":36,"column":2},"end":{"line":36,"column":63}},"20":{"start":{"line":37,"column":2},"end":{"line":37,"column":42}},"21":{"start":{"line":39,"column":2},"end":{"line":39,"column":19}},"22":{"start":{"line":43,"column":0},"end":{"line":43,"column":24}}},"fnMap":{"0":{"name":"(anonymous_0)","decl":{"start":{"line":6,"column":16},"end":{"line":6,"column":17}},"loc":{"start":{"line":6,"column":42},"end":{"line":15,"column":1}},"line":6},"1":{"name":"(anonymous_1)","decl":{"start":{"line":17,"column":17},"end":{"line":17,"column":18}},"loc":{"start":{"line":17,"column":43},"end":{"line":31,"column":1}},"line":17},"2":{"name":"(anonymous_2)","decl":{"start":{"line":33,"column":22},"end":{"line":33,"column":23}},"loc":{"start":{"line":33,"column":48},"end":{"line":41,"column":1}},"line":33}},"branchMap":{},"s":{"0":1,"1":1,"2":1,"3":1,"4":1,"5":0,"6":0,"7":0,"8":0,"9":1,"10":0,"11":0,"12":0,"13":0,"14":0,"15":0,"16":1,"17":0,"18":0,"19":0,"20":0,"21":0,"22":1},"f":{"0":0,"1":0,"2":0},"b":{},"_coverageSchema":"1a1c01bbd47fc00a2c39e90264f33305004495a9","hash":"457b2e0b02a71c5597b6f33e35a67ab307632934"}
,"/mnt/c/Users/trist/Documents/Springboard_Exercises/express-biztime/routes/invoices.js": {"path":"/mnt/c/Users/trist/Documents/Springboard_Exercises/express-biztime/routes/invoices.js","statementMap":{"0":{"start":{"line":1,"column":16},"end":{"line":1,"column":34}},"1":{"start":{"line":2,"column":15},"end":{"line":2,"column":35}},"2":{"start":{"line":3,"column":11},"end":{"line":3,"column":27}},"3":{"start":{"line":4,"column":0},"end":{"line":4,"column":27}},"4":{"start":{"line":6,"column":0},"end":{"line":13,"column":3}},"5":{"start":{"line":7,"column":1},"end":{"line":12,"column":2}},"6":{"start":{"line":8,"column":17},"end":{"line":8,"column":57}},"7":{"start":{"line":9,"column":2},"end":{"line":9,"column":44}},"8":{"start":{"line":11,"column":2},"end":{"line":11,"column":19}},"9":{"start":{"line":15,"column":0},"end":{"line":33,"column":3}},"10":{"start":{"line":16,"column":1},"end":{"line":32,"column":2}},"11":{"start":{"line":17,"column":18},"end":{"line":17,"column":31}},"12":{"start":{"line":18,"column":18},"end":{"line":23,"column":3}},"13":{"start":{"line":24,"column":16},"end":{"line":26,"column":4}},"14":{"start":{"line":27,"column":60},"end":{"line":27,"column":75}},"15":{"start":{"line":28,"column":2},"end":{"line":28,"column":28}},"16":{"start":{"line":29,"column":2},"end":{"line":29,"column":104}},"17":{"start":{"line":31,"column":2},"end":{"line":31,"column":19}},"18":{"start":{"line":35,"column":0},"end":{"line":48,"column":3}},"19":{"start":{"line":36,"column":1},"end":{"line":47,"column":2}},"20":{"start":{"line":37,"column":29},"end":{"line":37,"column":37}},"21":{"start":{"line":38,"column":17},"end":{"line":43,"column":3}},"22":{"start":{"line":44,"column":2},"end":{"line":44,"column":47}},"23":{"start":{"line":46,"column":2},"end":{"line":46,"column":19}},"24":{"start":{"line":50,"column":0},"end":{"line":76,"column":3}},"25":{"start":{"line":51,"column":1},"end":{"line":75,"column":2}},"26":{"start":{"line":52,"column":24},"end":{"line":52,"column":32}},"27":{"start":{"line":53,"column":21},"end":{"line":53,"column":34}},"28":{"start":{"line":56,"column":18},"end":{"line":56,"column":97}},"29":{"start":{"line":57,"column":2},"end":{"line":63,"column":3}},"30":{"start":{"line":58,"column":3},"end":{"line":58,"column":26}},"31":{"start":{"line":59,"column":9},"end":{"line":63,"column":3}},"32":{"start":{"line":60,"column":3},"end":{"line":60,"column":33}},"33":{"start":{"line":62,"column":3},"end":{"line":62,"column":20}},"34":{"start":{"line":64,"column":17},"end":{"line":70,"column":3}},"35":{"start":{"line":71,"column":19},"end":{"line":71,"column":33}},"36":{"start":{"line":72,"column":2},"end":{"line":72,"column":45}},"37":{"start":{"line":74,"column":2},"end":{"line":74,"column":19}},"38":{"start":{"line":78,"column":0},"end":{"line":89,"column":3}},"39":{"start":{"line":79,"column":1},"end":{"line":88,"column":17}},"40":{"start":{"line":80,"column":21},"end":{"line":80,"column":34}},"41":{"start":{"line":81,"column":17},"end":{"line":86,"column":3}},"42":{"start":{"line":87,"column":2},"end":{"line":87,"column":42}},"43":{"start":{"line":91,"column":0},"end":{"line":91,"column":24}}},"fnMap":{"0":{"name":"(anonymous_0)","decl":{"start":{"line":6,"column":16},"end":{"line":6,"column":17}},"loc":{"start":{"line":6,"column":42},"end":{"line":13,"column":1}},"line":6},"1":{"name":"(anonymous_1)","decl":{"start":{"line":15,"column":19},"end":{"line":15,"column":20}},"loc":{"start":{"line":15,"column":45},"end":{"line":33,"column":1}},"line":15},"2":{"name":"(anonymous_2)","decl":{"start":{"line":35,"column":17},"end":{"line":35,"column":18}},"loc":{"start":{"line":35,"column":43},"end":{"line":48,"column":1}},"line":35},"3":{"name":"(anonymous_3)","decl":{"start":{"line":50,"column":19},"end":{"line":50,"column":20}},"loc":{"start":{"line":50,"column":45},"end":{"line":76,"column":1}},"line":50},"4":{"name":"(anonymous_4)","decl":{"start":{"line":78,"column":22},"end":{"line":78,"column":23}},"loc":{"start":{"line":78,"column":48},"end":{"line":89,"column":1}},"line":78}},"branchMap":{"0":{"loc":{"start":{"line":57,"column":2},"end":{"line":63,"column":3}},"type":"if","locations":[{"start":{"line":57,"column":2},"end":{"line":63,"column":3}},{"start":{"line":57,"column":2},"end":{"line":63,"column":3}}],"line":57},"1":{"loc":{"start":{"line":57,"column":6},"end":{"line":57,"column":27}},"type":"binary-expr","locations":[{"start":{"line":57,"column":6},"end":{"line":57,"column":19}},{"start":{"line":57,"column":23},"end":{"line":57,"column":27}}],"line":57},"2":{"loc":{"start":{"line":59,"column":9},"end":{"line":63,"column":3}},"type":"if","locations":[{"start":{"line":59,"column":9},"end":{"line":63,"column":3}},{"start":{"line":59,"column":9},"end":{"line":63,"column":3}}],"line":59}},"s":{"0":1,"1":1,"2":1,"3":1,"4":1,"5":0,"6":0,"7":0,"8":0,"9":1,"10":0,"11":0,"12":0,"13":0,"14":0,"15":0,"16":0,"17":0,"18":1,"19":0,"20":0,"21":0,"22":0,"23":0,"24":1,"25":0,"26":0,"27":0,"28":0,"29":0,"30":0,"31":0,"32":0,"33":0,"34":0,"35":0,"36":0,"37":0,"38":1,"39":0,"40":0,"41":0,"42":0,"43":1},"f":{"0":0,"1":0,"2":0,"3":0,"4":0},"b":{"0":[0,0],"1":[0,0],"2":[0,0]},"_coverageSchema":"1a1c01bbd47fc00a2c39e90264f33305004495a9","hash":"cd23cb3ab5926105bf9b9e06e1b13ff6254007e2"}
}
